0 info it worked if it ends with ok
1 verbose cli [ 'node', '/usr/local/bin/npm', 'update' ]
2 info using npm@2.1.14
3 info using node@v0.10.35
4 verbose node symlink /usr/local/bin/node
5 silly mapToRegistry name body-parser
6 silly mapToRegistry using default registry
7 silly mapToRegistry registry https://registry.npmjs.org/
8 silly mapToRegistry uri https://registry.npmjs.org/body-parser
9 silly mapToRegistry name ejs
10 silly mapToRegistry using default registry
11 silly mapToRegistry registry https://registry.npmjs.org/
12 silly mapToRegistry uri https://registry.npmjs.org/ejs
13 silly mapToRegistry name express
14 silly mapToRegistry using default registry
15 silly mapToRegistry registry https://registry.npmjs.org/
16 silly mapToRegistry uri https://registry.npmjs.org/express
17 silly mapToRegistry name googleapis
18 silly mapToRegistry using default registry
19 silly mapToRegistry registry https://registry.npmjs.org/
20 silly mapToRegistry uri https://registry.npmjs.org/googleapis
21 silly mapToRegistry name grunt
22 silly mapToRegistry using default registry
23 silly mapToRegistry registry https://registry.npmjs.org/
24 silly mapToRegistry uri https://registry.npmjs.org/grunt
25 silly mapToRegistry name grunt-contrib-jade
26 silly mapToRegistry using default registry
27 silly mapToRegistry registry https://registry.npmjs.org/
28 silly mapToRegistry uri https://registry.npmjs.org/grunt-contrib-jade
29 silly mapToRegistry name grunt-contrib-jshint
30 silly mapToRegistry using default registry
31 silly mapToRegistry registry https://registry.npmjs.org/
32 silly mapToRegistry uri https://registry.npmjs.org/grunt-contrib-jshint
33 silly mapToRegistry name grunt-contrib-watch
34 silly mapToRegistry using default registry
35 silly mapToRegistry registry https://registry.npmjs.org/
36 silly mapToRegistry uri https://registry.npmjs.org/grunt-contrib-watch
37 silly mapToRegistry name grunt-injector
38 silly mapToRegistry using default registry
39 silly mapToRegistry registry https://registry.npmjs.org/
40 silly mapToRegistry uri https://registry.npmjs.org/grunt-injector
41 silly mapToRegistry name jade
42 silly mapToRegistry using default registry
43 silly mapToRegistry registry https://registry.npmjs.org/
44 silly mapToRegistry uri https://registry.npmjs.org/jade
45 silly mapToRegistry name path
46 silly mapToRegistry using default registry
47 silly mapToRegistry registry https://registry.npmjs.org/
48 silly mapToRegistry uri https://registry.npmjs.org/path
49 silly mapToRegistry name properties
50 silly mapToRegistry using default registry
51 silly mapToRegistry registry https://registry.npmjs.org/
52 silly mapToRegistry uri https://registry.npmjs.org/properties
53 silly mapToRegistry name rapgenius-js
54 silly mapToRegistry using default registry
55 silly mapToRegistry registry https://registry.npmjs.org/
56 silly mapToRegistry uri https://registry.npmjs.org/rapgenius-js
57 verbose request uri https://registry.npmjs.org/body-parser
58 verbose request no auth needed
59 info attempt registry request try #1 at 15:02:28
60 verbose request id 29a039a38f6c0452
61 verbose etag "4U91Q41SKBMFLBLVZNJ3AS7F8"
62 http request GET https://registry.npmjs.org/body-parser
63 verbose request uri https://registry.npmjs.org/express
64 verbose request no auth needed
65 info attempt registry request try #1 at 15:02:28
66 verbose etag "17MC6IPP5OVHSRB9M63T1H7KI"
67 http request GET https://registry.npmjs.org/express
68 verbose request uri https://registry.npmjs.org/ejs
69 verbose request no auth needed
70 info attempt registry request try #1 at 15:02:28
71 verbose etag "2CSWPRJKXDYI2G8E1BFYHG4KO"
72 http request GET https://registry.npmjs.org/ejs
73 verbose request uri https://registry.npmjs.org/googleapis
74 verbose request no auth needed
75 info attempt registry request try #1 at 15:02:28
76 verbose etag "Q1YPMS10IQ6GNJG974UV60C7"
77 http request GET https://registry.npmjs.org/googleapis
78 verbose request uri https://registry.npmjs.org/grunt-contrib-jade
79 verbose request no auth needed
80 info attempt registry request try #1 at 15:02:28
81 verbose etag "EQF0X7AB52H5PSV644CWFIBWW"
82 http request GET https://registry.npmjs.org/grunt-contrib-jade
83 verbose request uri https://registry.npmjs.org/grunt
84 verbose request no auth needed
85 info attempt registry request try #1 at 15:02:28
86 verbose etag "F4LOXH5PUU69QITIRIPFWDW4G"
87 http request GET https://registry.npmjs.org/grunt
88 verbose request uri https://registry.npmjs.org/grunt-contrib-jshint
89 verbose request no auth needed
90 info attempt registry request try #1 at 15:02:28
91 verbose etag "9WKT6JI425NFRAA423U4QL4YC"
92 http request GET https://registry.npmjs.org/grunt-contrib-jshint
93 verbose request uri https://registry.npmjs.org/grunt-contrib-watch
94 verbose request no auth needed
95 info attempt registry request try #1 at 15:02:28
96 verbose etag "AXFK022BR39QHKT0EJEXRMQQ7"
97 http request GET https://registry.npmjs.org/grunt-contrib-watch
98 verbose request uri https://registry.npmjs.org/path
99 verbose request no auth needed
100 info attempt registry request try #1 at 15:02:28
101 verbose etag "A3QJYI6RRSUJSYRU80AFGI50T"
102 http request GET https://registry.npmjs.org/path
103 verbose request uri https://registry.npmjs.org/rapgenius-js
104 verbose request no auth needed
105 info attempt registry request try #1 at 15:02:28
106 verbose etag "1XSV1WYTCH46GT4WHGBRSLMLY"
107 http request GET https://registry.npmjs.org/rapgenius-js
108 verbose request uri https://registry.npmjs.org/properties
109 verbose request no auth needed
110 info attempt registry request try #1 at 15:02:28
111 verbose etag "8XGW5PV2EX34EZIESIHGOQ63L"
112 http request GET https://registry.npmjs.org/properties
113 verbose request uri https://registry.npmjs.org/jade
114 verbose request no auth needed
115 info attempt registry request try #1 at 15:02:28
116 verbose etag "4TMWN3450UFUUO931NNN6K096"
117 http request GET https://registry.npmjs.org/jade
118 verbose request uri https://registry.npmjs.org/grunt-injector
119 verbose request no auth needed
120 info attempt registry request try #1 at 15:02:28
121 verbose etag "NQYT6KPXNDJU68KE8OPO937A"
122 http request GET https://registry.npmjs.org/grunt-injector
123 http 304 https://registry.npmjs.org/body-parser
124 silly get cb [ 304,
124 silly get   { date: 'Fri, 27 Feb 2015 14:02:28 GMT',
124 silly get     server: 'Apache',
124 silly get     via: '1.1 varnish',
124 silly get     'last-modified': 'Fri, 27 Feb 2015 14:02:28 GMT',
124 silly get     'cache-control': 'max-age=60',
124 silly get     etag: '"4U91Q41SKBMFLBLVZNJ3AS7F8"',
124 silly get     age: '25',
124 silly get     'x-served-by': 'cache-fra1221-FRA',
124 silly get     'x-cache': 'HIT',
124 silly get     'x-cache-hits': '1',
124 silly get     'x-timer': 'S1425045748.232747,VS0,VE0',
124 silly get     vary: 'Accept',
124 silly get     'content-length': '0',
124 silly get     'keep-alive': 'timeout=10, max=50',
124 silly get     connection: 'Keep-Alive' } ]
125 verbose etag https://registry.npmjs.org/body-parser from cache
126 http 304 https://registry.npmjs.org/express
127 silly get cb [ 304,
127 silly get   { date: 'Fri, 27 Feb 2015 14:02:28 GMT',
127 silly get     server: 'Apache',
127 silly get     via: '1.1 varnish',
127 silly get     'last-modified': 'Fri, 27 Feb 2015 14:02:28 GMT',
127 silly get     'cache-control': 'max-age=60',
127 silly get     etag: '"17MC6IPP5OVHSRB9M63T1H7KI"',
127 silly get     age: '21',
127 silly get     'x-served-by': 'cache-fra1239-FRA',
127 silly get     'x-cache': 'HIT',
127 silly get     'x-cache-hits': '1',
127 silly get     'x-timer': 'S1425045748.274679,VS0,VE2',
127 silly get     vary: 'Accept',
127 silly get     'content-length': '0',
127 silly get     'keep-alive': 'timeout=10, max=50',
127 silly get     connection: 'Keep-Alive' } ]
128 verbose etag https://registry.npmjs.org/express from cache
129 http 304 https://registry.npmjs.org/ejs
130 silly get cb [ 304,
130 silly get   { date: 'Fri, 27 Feb 2015 14:02:28 GMT',
130 silly get     server: 'Apache',
130 silly get     via: '1.1 varnish',
130 silly get     'last-modified': 'Fri, 27 Feb 2015 14:02:28 GMT',
130 silly get     'cache-control': 'max-age=60',
130 silly get     etag: '"2CSWPRJKXDYI2G8E1BFYHG4KO"',
130 silly get     age: '27',
130 silly get     'x-served-by': 'cache-fra1249-FRA',
130 silly get     'x-cache': 'HIT',
130 silly get     'x-cache-hits': '1',
130 silly get     'x-timer': 'S1425045748.299348,VS0,VE0',
130 silly get     vary: 'Accept',
130 silly get     'content-length': '0',
130 silly get     'keep-alive': 'timeout=10, max=50',
130 silly get     connection: 'Keep-Alive' } ]
131 verbose etag https://registry.npmjs.org/ejs from cache
132 http 304 https://registry.npmjs.org/grunt-contrib-jade
133 silly get cb [ 304,
133 silly get   { date: 'Fri, 27 Feb 2015 14:02:28 GMT',
133 silly get     server: 'Apache',
133 silly get     via: '1.1 varnish',
133 silly get     'last-modified': 'Fri, 27 Feb 2015 14:02:28 GMT',
133 silly get     'cache-control': 'max-age=60',
133 silly get     etag: '"EQF0X7AB52H5PSV644CWFIBWW"',
133 silly get     age: '15',
133 silly get     'x-served-by': 'cache-fra1227-FRA',
133 silly get     'x-cache': 'HIT',
133 silly get     'x-cache-hits': '1',
133 silly get     'x-timer': 'S1425045748.299692,VS0,VE0',
133 silly get     vary: 'Accept',
133 silly get     'content-length': '0',
133 silly get     'keep-alive': 'timeout=10, max=50',
133 silly get     connection: 'Keep-Alive' } ]
134 verbose etag https://registry.npmjs.org/grunt-contrib-jade from cache
135 http 304 https://registry.npmjs.org/googleapis
136 silly get cb [ 304,
136 silly get   { date: 'Fri, 27 Feb 2015 14:02:28 GMT',
136 silly get     server: 'Apache',
136 silly get     via: '1.1 varnish',
136 silly get     'last-modified': 'Fri, 27 Feb 2015 14:02:28 GMT',
136 silly get     'cache-control': 'max-age=60',
136 silly get     etag: '"Q1YPMS10IQ6GNJG974UV60C7"',
136 silly get     age: '15',
136 silly get     'x-served-by': 'cache-fra1236-FRA',
136 silly get     'x-cache': 'HIT',
136 silly get     'x-cache-hits': '1',
136 silly get     'x-timer': 'S1425045748.299661,VS0,VE0',
136 silly get     vary: 'Accept',
136 silly get     'content-length': '0',
136 silly get     'keep-alive': 'timeout=10, max=50',
136 silly get     connection: 'Keep-Alive' } ]
137 verbose etag https://registry.npmjs.org/googleapis from cache
138 http 304 https://registry.npmjs.org/grunt
139 silly get cb [ 304,
139 silly get   { date: 'Fri, 27 Feb 2015 14:02:28 GMT',
139 silly get     server: 'Apache',
139 silly get     via: '1.1 varnish',
139 silly get     'last-modified': 'Fri, 27 Feb 2015 14:02:28 GMT',
139 silly get     'cache-control': 'max-age=60',
139 silly get     etag: '"F4LOXH5PUU69QITIRIPFWDW4G"',
139 silly get     age: '36',
139 silly get     'x-served-by': 'cache-fra1221-FRA',
139 silly get     'x-cache': 'HIT',
139 silly get     'x-cache-hits': '1',
139 silly get     'x-timer': 'S1425045748.300744,VS0,VE0',
139 silly get     vary: 'Accept',
139 silly get     'content-length': '0',
139 silly get     'keep-alive': 'timeout=10, max=49',
139 silly get     connection: 'Keep-Alive' } ]
140 verbose etag https://registry.npmjs.org/grunt from cache
141 http 304 https://registry.npmjs.org/path
142 silly get cb [ 304,
142 silly get   { date: 'Fri, 27 Feb 2015 14:02:28 GMT',
142 silly get     server: 'Apache',
142 silly get     via: '1.1 varnish',
142 silly get     'last-modified': 'Fri, 27 Feb 2015 14:02:28 GMT',
142 silly get     'cache-control': 'max-age=60',
142 silly get     etag: '"A3QJYI6RRSUJSYRU80AFGI50T"',
142 silly get     age: '55',
142 silly get     'x-served-by': 'cache-fra1227-FRA',
142 silly get     'x-cache': 'HIT',
142 silly get     'x-cache-hits': '1',
142 silly get     'x-timer': 'S1425045748.362307,VS0,VE0',
142 silly get     vary: 'Accept',
142 silly get     'content-length': '0',
142 silly get     'keep-alive': 'timeout=10, max=49',
142 silly get     connection: 'Keep-Alive' } ]
143 verbose etag https://registry.npmjs.org/path from cache
144 http 304 https://registry.npmjs.org/grunt-contrib-watch
145 silly get cb [ 304,
145 silly get   { date: 'Fri, 27 Feb 2015 14:02:28 GMT',
145 silly get     server: 'Apache',
145 silly get     via: '1.1 varnish',
145 silly get     'last-modified': 'Fri, 27 Feb 2015 14:02:28 GMT',
145 silly get     'cache-control': 'max-age=60',
145 silly get     etag: '"AXFK022BR39QHKT0EJEXRMQQ7"',
145 silly get     age: '59',
145 silly get     'x-served-by': 'cache-fra1249-FRA',
145 silly get     'x-cache': 'HIT',
145 silly get     'x-cache-hits': '1',
145 silly get     'x-timer': 'S1425045748.362363,VS0,VE0',
145 silly get     vary: 'Accept',
145 silly get     'content-length': '0',
145 silly get     'keep-alive': 'timeout=10, max=49',
145 silly get     connection: 'Keep-Alive' } ]
146 verbose etag https://registry.npmjs.org/grunt-contrib-watch from cache
147 http 304 https://registry.npmjs.org/grunt-contrib-jshint
148 silly get cb [ 304,
148 silly get   { date: 'Fri, 27 Feb 2015 14:02:28 GMT',
148 silly get     server: 'Apache',
148 silly get     via: '1.1 varnish',
148 silly get     'last-modified': 'Fri, 27 Feb 2015 14:02:28 GMT',
148 silly get     'cache-control': 'max-age=60',
148 silly get     etag: '"9WKT6JI425NFRAA423U4QL4YC"',
148 silly get     age: '47',
148 silly get     'x-served-by': 'cache-fra1239-FRA',
148 silly get     'x-cache': 'HIT',
148 silly get     'x-cache-hits': '1',
148 silly get     'x-timer': 'S1425045748.362916,VS0,VE0',
148 silly get     vary: 'Accept',
148 silly get     'content-length': '0',
148 silly get     'keep-alive': 'timeout=10, max=49',
148 silly get     connection: 'Keep-Alive' } ]
149 verbose etag https://registry.npmjs.org/grunt-contrib-jshint from cache
150 http 304 https://registry.npmjs.org/properties
151 silly get cb [ 304,
151 silly get   { date: 'Fri, 27 Feb 2015 14:02:28 GMT',
151 silly get     server: 'Apache',
151 silly get     via: '1.1 varnish',
151 silly get     'last-modified': 'Fri, 27 Feb 2015 14:02:13 GMT',
151 silly get     'cache-control': 'max-age=60',
151 silly get     etag: '"8XGW5PV2EX34EZIESIHGOQ63L"',
151 silly get     age: '15',
151 silly get     'x-served-by': 'cache-fra1221-FRA',
151 silly get     'x-cache': 'HIT',
151 silly get     'x-cache-hits': '2',
151 silly get     'x-timer': 'S1425045748.370788,VS0,VE0',
151 silly get     vary: 'Accept',
151 silly get     'content-length': '0',
151 silly get     'keep-alive': 'timeout=10, max=48',
151 silly get     connection: 'Keep-Alive' } ]
152 verbose etag https://registry.npmjs.org/properties from cache
153 http 304 https://registry.npmjs.org/rapgenius-js
154 silly get cb [ 304,
154 silly get   { date: 'Fri, 27 Feb 2015 14:02:28 GMT',
154 silly get     server: 'Apache',
154 silly get     via: '1.1 varnish',
154 silly get     'last-modified': 'Fri, 27 Feb 2015 14:02:28 GMT',
154 silly get     'cache-control': 'max-age=60',
154 silly get     etag: '"1XSV1WYTCH46GT4WHGBRSLMLY"',
154 silly get     age: '15',
154 silly get     'x-served-by': 'cache-fra1236-FRA',
154 silly get     'x-cache': 'HIT',
154 silly get     'x-cache-hits': '1',
154 silly get     'x-timer': 'S1425045748.370870,VS0,VE0',
154 silly get     vary: 'Accept',
154 silly get     'content-length': '0',
154 silly get     'keep-alive': 'timeout=10, max=49',
154 silly get     connection: 'Keep-Alive' } ]
155 verbose etag https://registry.npmjs.org/rapgenius-js from cache
156 http 304 https://registry.npmjs.org/grunt-injector
157 silly get cb [ 304,
157 silly get   { date: 'Fri, 27 Feb 2015 14:02:28 GMT',
157 silly get     server: 'Apache',
157 silly get     via: '1.1 varnish',
157 silly get     'last-modified': 'Fri, 27 Feb 2015 12:33:34 GMT',
157 silly get     'cache-control': 'max-age=60',
157 silly get     etag: '"NQYT6KPXNDJU68KE8OPO937A"',
157 silly get     age: '15',
157 silly get     'x-served-by': 'cache-fra1249-FRA',
157 silly get     'x-cache': 'HIT',
157 silly get     'x-cache-hits': '5',
157 silly get     'x-timer': 'S1425045748.461128,VS0,VE0',
157 silly get     vary: 'Accept',
157 silly get     'content-length': '0',
157 silly get     'keep-alive': 'timeout=10, max=48',
157 silly get     connection: 'Keep-Alive' } ]
158 verbose etag https://registry.npmjs.org/grunt-injector from cache
159 http 304 https://registry.npmjs.org/jade
160 silly get cb [ 304,
160 silly get   { date: 'Fri, 27 Feb 2015 14:02:28 GMT',
160 silly get     server: 'Apache',
160 silly get     via: '1.1 varnish',
160 silly get     'last-modified': 'Fri, 27 Feb 2015 14:02:28 GMT',
160 silly get     'cache-control': 'max-age=60',
160 silly get     etag: '"4TMWN3450UFUUO931NNN6K096"',
160 silly get     age: '25',
160 silly get     'x-served-by': 'cache-fra1227-FRA',
160 silly get     'x-cache': 'HIT',
160 silly get     'x-cache-hits': '1',
160 silly get     'x-timer': 'S1425045748.461086,VS0,VE1',
160 silly get     vary: 'Accept',
160 silly get     'content-length': '0',
160 silly get     'keep-alive': 'timeout=10, max=48',
160 silly get     connection: 'Keep-Alive' } ]
161 verbose etag https://registry.npmjs.org/jade from cache
162 silly mapToRegistry name bytes
163 silly mapToRegistry using default registry
164 silly mapToRegistry registry https://registry.npmjs.org/
165 silly mapToRegistry uri https://registry.npmjs.org/bytes
166 silly mapToRegistry name content-type
167 silly mapToRegistry using default registry
168 silly mapToRegistry registry https://registry.npmjs.org/
169 silly mapToRegistry uri https://registry.npmjs.org/content-type
170 silly mapToRegistry name debug
171 silly mapToRegistry using default registry
172 silly mapToRegistry registry https://registry.npmjs.org/
173 silly mapToRegistry uri https://registry.npmjs.org/debug
174 silly mapToRegistry name depd
175 silly mapToRegistry using default registry
176 silly mapToRegistry registry https://registry.npmjs.org/
177 silly mapToRegistry uri https://registry.npmjs.org/depd
178 silly mapToRegistry name iconv-lite
179 silly mapToRegistry using default registry
180 silly mapToRegistry registry https://registry.npmjs.org/
181 silly mapToRegistry uri https://registry.npmjs.org/iconv-lite
182 silly mapToRegistry name on-finished
183 silly mapToRegistry using default registry
184 silly mapToRegistry registry https://registry.npmjs.org/
185 silly mapToRegistry uri https://registry.npmjs.org/on-finished
186 silly mapToRegistry name qs
187 silly mapToRegistry using default registry
188 silly mapToRegistry registry https://registry.npmjs.org/
189 silly mapToRegistry uri https://registry.npmjs.org/qs
190 silly mapToRegistry name raw-body
191 silly mapToRegistry using default registry
192 silly mapToRegistry registry https://registry.npmjs.org/
193 silly mapToRegistry uri https://registry.npmjs.org/raw-body
194 silly mapToRegistry name type-is
195 silly mapToRegistry using default registry
196 silly mapToRegistry registry https://registry.npmjs.org/
197 silly mapToRegistry uri https://registry.npmjs.org/type-is
198 silly mapToRegistry name accepts
199 silly mapToRegistry using default registry
200 silly mapToRegistry registry https://registry.npmjs.org/
201 silly mapToRegistry uri https://registry.npmjs.org/accepts
202 silly mapToRegistry name content-disposition
203 silly mapToRegistry using default registry
204 silly mapToRegistry registry https://registry.npmjs.org/
205 silly mapToRegistry uri https://registry.npmjs.org/content-disposition
206 silly mapToRegistry name content-type
207 silly mapToRegistry using default registry
208 silly mapToRegistry registry https://registry.npmjs.org/
209 silly mapToRegistry uri https://registry.npmjs.org/content-type
210 silly mapToRegistry name cookie-signature
211 silly mapToRegistry using default registry
212 silly mapToRegistry registry https://registry.npmjs.org/
213 silly mapToRegistry uri https://registry.npmjs.org/cookie-signature
214 silly mapToRegistry name debug
215 silly mapToRegistry using default registry
216 silly mapToRegistry registry https://registry.npmjs.org/
217 silly mapToRegistry uri https://registry.npmjs.org/debug
218 silly mapToRegistry name depd
219 silly mapToRegistry using default registry
220 silly mapToRegistry registry https://registry.npmjs.org/
221 silly mapToRegistry uri https://registry.npmjs.org/depd
222 silly mapToRegistry name escape-html
223 silly mapToRegistry using default registry
224 silly mapToRegistry registry https://registry.npmjs.org/
225 silly mapToRegistry uri https://registry.npmjs.org/escape-html
226 silly mapToRegistry name etag
227 silly mapToRegistry using default registry
228 silly mapToRegistry registry https://registry.npmjs.org/
229 silly mapToRegistry uri https://registry.npmjs.org/etag
230 silly mapToRegistry name finalhandler
231 silly mapToRegistry using default registry
232 silly mapToRegistry registry https://registry.npmjs.org/
233 silly mapToRegistry uri https://registry.npmjs.org/finalhandler
234 silly mapToRegistry name fresh
235 silly mapToRegistry using default registry
236 silly mapToRegistry registry https://registry.npmjs.org/
237 silly mapToRegistry uri https://registry.npmjs.org/fresh
238 silly mapToRegistry name methods
239 silly mapToRegistry using default registry
240 silly mapToRegistry registry https://registry.npmjs.org/
241 silly mapToRegistry uri https://registry.npmjs.org/methods
242 silly mapToRegistry name on-finished
243 silly mapToRegistry using default registry
244 silly mapToRegistry registry https://registry.npmjs.org/
245 silly mapToRegistry uri https://registry.npmjs.org/on-finished
246 silly mapToRegistry name parseurl
247 silly mapToRegistry using default registry
248 silly mapToRegistry registry https://registry.npmjs.org/
249 silly mapToRegistry uri https://registry.npmjs.org/parseurl
250 silly mapToRegistry name path-to-regexp
251 silly mapToRegistry using default registry
252 silly mapToRegistry registry https://registry.npmjs.org/
253 silly mapToRegistry uri https://registry.npmjs.org/path-to-regexp
254 silly mapToRegistry name proxy-addr
255 silly mapToRegistry using default registry
256 silly mapToRegistry registry https://registry.npmjs.org/
257 silly mapToRegistry uri https://registry.npmjs.org/proxy-addr
258 silly mapToRegistry name qs
259 silly mapToRegistry using default registry
260 silly mapToRegistry registry https://registry.npmjs.org/
261 silly mapToRegistry uri https://registry.npmjs.org/qs
262 silly mapToRegistry name range-parser
263 silly mapToRegistry using default registry
264 silly mapToRegistry registry https://registry.npmjs.org/
265 silly mapToRegistry uri https://registry.npmjs.org/range-parser
266 silly mapToRegistry name send
267 silly mapToRegistry using default registry
268 silly mapToRegistry registry https://registry.npmjs.org/
269 silly mapToRegistry uri https://registry.npmjs.org/send
270 silly mapToRegistry name serve-static
271 silly mapToRegistry using default registry
272 silly mapToRegistry registry https://registry.npmjs.org/
273 silly mapToRegistry uri https://registry.npmjs.org/serve-static
274 silly mapToRegistry name type-is
275 silly mapToRegistry using default registry
276 silly mapToRegistry registry https://registry.npmjs.org/
277 silly mapToRegistry uri https://registry.npmjs.org/type-is
278 silly mapToRegistry name vary
279 silly mapToRegistry using default registry
280 silly mapToRegistry registry https://registry.npmjs.org/
281 silly mapToRegistry uri https://registry.npmjs.org/vary
282 silly mapToRegistry name cookie
283 silly mapToRegistry using default registry
284 silly mapToRegistry registry https://registry.npmjs.org/
285 silly mapToRegistry uri https://registry.npmjs.org/cookie
286 silly mapToRegistry name merge-descriptors
287 silly mapToRegistry using default registry
288 silly mapToRegistry registry https://registry.npmjs.org/
289 silly mapToRegistry uri https://registry.npmjs.org/merge-descriptors
290 silly mapToRegistry name utils-merge
291 silly mapToRegistry using default registry
292 silly mapToRegistry registry https://registry.npmjs.org/
293 silly mapToRegistry uri https://registry.npmjs.org/utils-merge
294 silly mapToRegistry name jade
295 silly mapToRegistry using default registry
296 silly mapToRegistry registry https://registry.npmjs.org/
297 silly mapToRegistry uri https://registry.npmjs.org/jade
298 silly mapToRegistry name chalk
299 silly mapToRegistry using default registry
300 silly mapToRegistry registry https://registry.npmjs.org/
301 silly mapToRegistry uri https://registry.npmjs.org/chalk
302 verbose request uri https://registry.npmjs.org/bytes
303 verbose request no auth needed
304 info attempt registry request try #1 at 15:02:28
305 verbose etag "4JROCVTC21UTS73CQ2JLECT8J"
306 http request GET https://registry.npmjs.org/bytes
307 verbose request uri https://registry.npmjs.org/content-type
308 verbose request no auth needed
309 info attempt registry request try #1 at 15:02:28
310 verbose etag "2V91QQV0UQRHRS6WEGATVZH9T"
311 http request GET https://registry.npmjs.org/content-type
312 verbose request uri https://registry.npmjs.org/debug
313 verbose request no auth needed
314 info attempt registry request try #1 at 15:02:28
315 verbose etag "199OOQR84PNZMU2N2C2EA2PLW"
316 http request GET https://registry.npmjs.org/debug
317 verbose request uri https://registry.npmjs.org/depd
318 verbose request no auth needed
319 info attempt registry request try #1 at 15:02:28
320 verbose etag "ENB84COVXHZD3E6ISMCBNWGSU"
321 http request GET https://registry.npmjs.org/depd
322 verbose request uri https://registry.npmjs.org/iconv-lite
323 verbose request no auth needed
324 info attempt registry request try #1 at 15:02:28
325 verbose etag "9CBH5BY4PJ1MHBJ3NUFBQ8M04"
326 http request GET https://registry.npmjs.org/iconv-lite
327 verbose request uri https://registry.npmjs.org/on-finished
328 verbose request no auth needed
329 info attempt registry request try #1 at 15:02:28
330 verbose etag "4UQI39JQJ8NDMB20UQM8NJZ94"
331 http request GET https://registry.npmjs.org/on-finished
332 verbose request uri https://registry.npmjs.org/qs
333 verbose request no auth needed
334 info attempt registry request try #1 at 15:02:28
335 verbose etag "7GM9TY7BL57M3R7O9GEZGC9JR"
336 http request GET https://registry.npmjs.org/qs
337 verbose request uri https://registry.npmjs.org/raw-body
338 verbose request no auth needed
339 info attempt registry request try #1 at 15:02:28
340 verbose etag "AB7XEWW0DAKMAKPVBO7I6WB1N"
341 http request GET https://registry.npmjs.org/raw-body
342 verbose request uri https://registry.npmjs.org/type-is
343 verbose request no auth needed
344 info attempt registry request try #1 at 15:02:28
345 verbose etag "8GAPXPBIL507LMXKYKCHAYZQE"
346 http request GET https://registry.npmjs.org/type-is
347 verbose request uri https://registry.npmjs.org/accepts
348 verbose request no auth needed
349 info attempt registry request try #1 at 15:02:28
350 verbose etag "F32I4OV32QCLZ89U30HKI7NZ8"
351 http request GET https://registry.npmjs.org/accepts
352 verbose request uri https://registry.npmjs.org/content-disposition
353 verbose request no auth needed
354 info attempt registry request try #1 at 15:02:28
355 verbose etag "75L68MZ1SGGJH8MX2KIR2D2L"
356 http request GET https://registry.npmjs.org/content-disposition
357 verbose request uri https://registry.npmjs.org/content-type
358 verbose request no auth needed
359 info attempt registry request try #1 at 15:02:28
360 verbose etag "2V91QQV0UQRHRS6WEGATVZH9T"
361 http request GET https://registry.npmjs.org/content-type
362 verbose request uri https://registry.npmjs.org/cookie-signature
363 verbose request no auth needed
364 info attempt registry request try #1 at 15:02:28
365 verbose etag "EGQ7JIXIGWVS4VN9W31J8BKCQ"
366 http request GET https://registry.npmjs.org/cookie-signature
367 verbose request uri https://registry.npmjs.org/debug
368 verbose request no auth needed
369 info attempt registry request try #1 at 15:02:28
370 verbose etag "199OOQR84PNZMU2N2C2EA2PLW"
371 http request GET https://registry.npmjs.org/debug
372 verbose request uri https://registry.npmjs.org/depd
373 verbose request no auth needed
374 info attempt registry request try #1 at 15:02:28
375 verbose etag "ENB84COVXHZD3E6ISMCBNWGSU"
376 http request GET https://registry.npmjs.org/depd
377 verbose request uri https://registry.npmjs.org/finalhandler
378 verbose request no auth needed
379 info attempt registry request try #1 at 15:02:28
380 verbose etag "BHKNR6EE0GBJE7ABVFRDUJ7TT"
381 http request GET https://registry.npmjs.org/finalhandler
382 verbose request uri https://registry.npmjs.org/etag
383 verbose request no auth needed
384 info attempt registry request try #1 at 15:02:28
385 verbose etag "9OIRMRM2WLVQBU2XNST1SNE48"
386 http request GET https://registry.npmjs.org/etag
387 verbose request uri https://registry.npmjs.org/escape-html
388 verbose request no auth needed
389 info attempt registry request try #1 at 15:02:28
390 verbose etag "DBKWIFJZD6PKSB0SZD5ER2KSN"
391 http request GET https://registry.npmjs.org/escape-html
392 verbose request uri https://registry.npmjs.org/fresh
393 verbose request no auth needed
394 info attempt registry request try #1 at 15:02:28
395 verbose etag "9AUUJ6LSW3ERCCQXBR1260QZ"
396 http request GET https://registry.npmjs.org/fresh
397 verbose request uri https://registry.npmjs.org/methods
398 verbose request no auth needed
399 info attempt registry request try #1 at 15:02:28
400 verbose etag "BS11XNWSF00I074OITB0TFEXB"
401 http request GET https://registry.npmjs.org/methods
402 verbose request uri https://registry.npmjs.org/on-finished
403 verbose request no auth needed
404 info attempt registry request try #1 at 15:02:28
405 verbose etag "4UQI39JQJ8NDMB20UQM8NJZ94"
406 http request GET https://registry.npmjs.org/on-finished
407 verbose request uri https://registry.npmjs.org/parseurl
408 verbose request no auth needed
409 info attempt registry request try #1 at 15:02:28
410 verbose etag "AQPAKALZJT938J4986FA62C6F"
411 http request GET https://registry.npmjs.org/parseurl
412 verbose request uri https://registry.npmjs.org/path-to-regexp
413 verbose request no auth needed
414 info attempt registry request try #1 at 15:02:28
415 verbose etag "BMGDIQQRVFTQAQKWBOAPRTE2C"
416 http request GET https://registry.npmjs.org/path-to-regexp
417 verbose request uri https://registry.npmjs.org/proxy-addr
418 verbose request no auth needed
419 info attempt registry request try #1 at 15:02:28
420 verbose etag "8KBGDKTR5P0OESAER21J5YF07"
421 http request GET https://registry.npmjs.org/proxy-addr
422 verbose request uri https://registry.npmjs.org/qs
423 verbose request no auth needed
424 info attempt registry request try #1 at 15:02:28
425 verbose etag "7GM9TY7BL57M3R7O9GEZGC9JR"
426 http request GET https://registry.npmjs.org/qs
427 verbose request uri https://registry.npmjs.org/range-parser
428 verbose request no auth needed
429 info attempt registry request try #1 at 15:02:28
430 verbose etag "1LVOAIULBUH5H9S9EKSD35AIQ"
431 http request GET https://registry.npmjs.org/range-parser
432 verbose request uri https://registry.npmjs.org/serve-static
433 verbose request no auth needed
434 info attempt registry request try #1 at 15:02:28
435 verbose etag "339Z7A0XKTD9EJWHMIYE0R2M6"
436 http request GET https://registry.npmjs.org/serve-static
437 verbose request uri https://registry.npmjs.org/vary
438 verbose request no auth needed
439 info attempt registry request try #1 at 15:02:28
440 verbose etag "9KURXIL7SZTSJYZGLSYBN6K21"
441 http request GET https://registry.npmjs.org/vary
442 verbose request uri https://registry.npmjs.org/type-is
443 verbose request no auth needed
444 info attempt registry request try #1 at 15:02:28
445 verbose etag "8GAPXPBIL507LMXKYKCHAYZQE"
446 http request GET https://registry.npmjs.org/type-is
447 verbose request uri https://registry.npmjs.org/send
448 verbose request no auth needed
449 info attempt registry request try #1 at 15:02:28
450 verbose etag "45M7EWOIAG4YT1K7DJDJPQFHT"
451 http request GET https://registry.npmjs.org/send
452 verbose request uri https://registry.npmjs.org/cookie
453 verbose request no auth needed
454 info attempt registry request try #1 at 15:02:28
455 verbose etag "6E0STTEAGASGH0UAQ6SR99TFK"
456 http request GET https://registry.npmjs.org/cookie
457 verbose request uri https://registry.npmjs.org/merge-descriptors
458 verbose request no auth needed
459 info attempt registry request try #1 at 15:02:28
460 verbose etag "CP9AO6TNHN0O1XMMFKOVJZ0XX"
461 http request GET https://registry.npmjs.org/merge-descriptors
462 verbose request uri https://registry.npmjs.org/utils-merge
463 verbose request no auth needed
464 info attempt registry request try #1 at 15:02:28
465 verbose etag "4BUO8JL6BMC9XZEDGDXY26XLL"
466 http request GET https://registry.npmjs.org/utils-merge
467 verbose get https://registry.npmjs.org/jade not expired, no request
468 verbose request uri https://registry.npmjs.org/chalk
469 verbose request no auth needed
470 info attempt registry request try #1 at 15:02:29
471 verbose etag "C7J4LNW822OJFR6H5ZY4MMW3N"
472 http request GET https://registry.npmjs.org/chalk
473 verbose type called_on_non_object
474 verbose stack TypeError: Object.keys called on non-object
474 verbose stack     at Function.keys (native)
474 verbose stack     at unmarkExtraneous (/usr/local/lib/node_modules/npm/node_modules/read-installed/read-installed.js:362:10)
474 verbose stack     at /usr/local/lib/node_modules/npm/node_modules/read-installed/read-installed.js:137:5
474 verbose stack     at next (/usr/local/lib/node_modules/npm/node_modules/read-installed/read-installed.js:185:14)
474 verbose stack     at /usr/local/lib/node_modules/npm/node_modules/read-installed/read-installed.js:169:14
474 verbose stack     at Object.oncomplete (evalmachine.<anonymous>:108:15)
475 verbose cwd /Users/hassen/Documents/workspace-node/genius-urbandic-youtube
476 error Darwin 14.1.0
477 error argv "node" "/usr/local/bin/npm" "update"
478 error node v0.10.35
479 error npm  v2.1.14
480 error Object.keys called on non-object
481 error If you need help, you may report this error at:
481 error     <http://github.com/npm/npm/issues>
482 verbose exit [ 1, true ]
